<?xml version="1.0" encoding="UTF-8"?>
<!-- Generated by org.testng.reporters.JUnitXMLReporter -->
<testsuite hostname="Aspire" ignored="0" name="Default test" tests="8" failures="0" timestamp="10 Oct 2018 18:17:14 GMT" time="199.141" errors="0">
  <testcase name="open_Website" time="19.687" classname="Package.Scenario_3"/>
  <testcase name="perform_Login" time="57.497" classname="Package.Scenario_3"/>
  <testcase name="search_Flight" time="55.469" classname="Package.Scenario_3"/>
  <testcase name="Select_Flight" time="14.457" classname="Package.Scenario_3"/>
  <testcase name="Book_Flight" time="10.527" classname="Package.Scenario_3"/>
  <testcase name="Payment_Check" time="2.683" classname="Package.Scenario_3"/>
  <testcase name="Payment_Done" time="20.056" classname="Package.Scenario_3"/>
  <testcase name="Verfy_Booking" time="18.726" classname="Package.Scenario_3"/>
</testsuite> <!-- Default test -->
