<?xml version="1.0" encoding="UTF-8"?>
<!-- Generated by org.testng.reporters.JUnitXMLReporter -->
<testsuite hostname="Vipul-PC" name="Simple Test" tests="4" failures="0" timestamp="20 Mar 2019 18:35:37 GMT" time="27.529" errors="0">
  <testcase name="verifyHomepageTitle" time="12.335" classname="com.google.tests.GoogleHomePageTest"/>
  <testcase name="creataccount" time="13.901" classname="com.google.tests.GoogleHomePageTest"/>
  <testcase name="TC03" time="0.001" classname="com.google.tests.GoogleHomePageTest"/>
  <testcase name="TC04" time="0.001" classname="com.google.tests.GoogleHomePageTest"/>
</testsuite> <!-- Simple Test -->
