<?xml version="1.0" encoding="UTF-8"?>
<testng-results skipped="0" failed="0" total="4" passed="4">
  <reporter-output>
  </reporter-output>
  <suite name="Example test run" duration-ms="27529" started-at="2019-03-20T18:35:09Z" finished-at="2019-03-20T18:35:37Z">
    <groups>
    </groups>
    <test name="Simple Test" duration-ms="27529" started-at="2019-03-20T18:35:09Z" finished-at="2019-03-20T18:35:37Z">
      <class name="com.google.tests.GoogleHomePageTest">
        <test-method status="PASS" signature="setup()[pri:0, instance:com.google.tests.GoogleHomePageTest@58ceff1]" name="setup" is-config="true" duration-ms="550" started-at="2019-03-21T00:05:09Z" finished-at="2019-03-21T00:05:10Z">
          <reporter-output>
          </reporter-output>
        </test-method> <!-- setup -->
        <test-method status="PASS" signature="register(java.lang.reflect.Method)[pri:0, instance:com.google.tests.GoogleHomePageTest@58ceff1]" name="register" is-config="true" duration-ms="5" started-at="2019-03-21T00:05:10Z" finished-at="2019-03-21T00:05:10Z">
          <params>
            <param index="0">
              <value>
                <![CDATA[public void com.google.tests.GoogleHomePageTest.verifyHomepageTitle() throws java.io.IOException]]>
              </value>
            </param>
          </params>
          <reporter-output>
          </reporter-output>
        </test-method> <!-- register -->
        <test-method status="PASS" signature="verifyHomepageTitle()[pri:0, instance:com.google.tests.GoogleHomePageTest@58ceff1]" name="verifyHomepageTitle" duration-ms="12335" started-at="2019-03-21T00:05:10Z" finished-at="2019-03-21T00:05:22Z">
          <reporter-output>
          </reporter-output>
        </test-method> <!-- verifyHomepageTitle -->
        <test-method status="PASS" signature="captureStatus(org.testng.ITestResult)[pri:0, instance:com.google.tests.GoogleHomePageTest@58ceff1]" name="captureStatus" is-config="true" duration-ms="1" started-at="2019-03-21T00:05:22Z" finished-at="2019-03-21T00:05:22Z">
          <params>
            <param index="0">
              <value>
                <![CDATA[[TestResult name=verifyHomepageTitle status=SUCCESS method=GoogleHomePageTest.verifyHomepageTitle()[pri:0, instance:com.google.tests.GoogleHomePageTest@58ceff1] output={null}]]]>
              </value>
            </param>
          </params>
          <reporter-output>
          </reporter-output>
        </test-method> <!-- captureStatus -->
        <test-method status="PASS" signature="creataccount()[pri:0, instance:com.google.tests.GoogleHomePageTest@58ceff1]" name="creataccount" duration-ms="13901" started-at="2019-03-21T00:05:22Z" finished-at="2019-03-21T00:05:36Z">
          <reporter-output>
          </reporter-output>
        </test-method> <!-- creataccount -->
        <test-method status="PASS" signature="register(java.lang.reflect.Method)[pri:0, instance:com.google.tests.GoogleHomePageTest@58ceff1]" name="register" is-config="true" duration-ms="0" started-at="2019-03-21T00:05:22Z" finished-at="2019-03-21T00:05:22Z">
          <params>
            <param index="0">
              <value>
                <![CDATA[public void com.google.tests.GoogleHomePageTest.creataccount() throws java.io.IOException]]>
              </value>
            </param>
          </params>
          <reporter-output>
          </reporter-output>
        </test-method> <!-- register -->
        <test-method status="PASS" signature="captureStatus(org.testng.ITestResult)[pri:0, instance:com.google.tests.GoogleHomePageTest@58ceff1]" name="captureStatus" is-config="true" duration-ms="1" started-at="2019-03-21T00:05:36Z" finished-at="2019-03-21T00:05:36Z">
          <params>
            <param index="0">
              <value>
                <![CDATA[[TestResult name=creataccount status=SUCCESS method=GoogleHomePageTest.creataccount()[pri:0, instance:com.google.tests.GoogleHomePageTest@58ceff1] output={null}]]]>
              </value>
            </param>
          </params>
          <reporter-output>
          </reporter-output>
        </test-method> <!-- captureStatus -->
        <test-method status="PASS" signature="register(java.lang.reflect.Method)[pri:0, instance:com.google.tests.GoogleHomePageTest@58ceff1]" name="register" is-config="true" duration-ms="1" started-at="2019-03-21T00:05:36Z" finished-at="2019-03-21T00:05:36Z">
          <params>
            <param index="0">
              <value>
                <![CDATA[public void com.google.tests.GoogleHomePageTest.TC03()]]>
              </value>
            </param>
          </params>
          <reporter-output>
          </reporter-output>
        </test-method> <!-- register -->
        <test-method status="PASS" signature="TC03()[pri:0, instance:com.google.tests.GoogleHomePageTest@58ceff1]" name="TC03" duration-ms="1" started-at="2019-03-21T00:05:36Z" finished-at="2019-03-21T00:05:36Z">
          <reporter-output>
          </reporter-output>
        </test-method> <!-- TC03 -->
        <test-method status="PASS" signature="captureStatus(org.testng.ITestResult)[pri:0, instance:com.google.tests.GoogleHomePageTest@58ceff1]" name="captureStatus" is-config="true" duration-ms="1" started-at="2019-03-21T00:05:36Z" finished-at="2019-03-21T00:05:36Z">
          <params>
            <param index="0">
              <value>
                <![CDATA[[TestResult name=TC03 status=SUCCESS method=GoogleHomePageTest.TC03()[pri:0, instance:com.google.tests.GoogleHomePageTest@58ceff1] output={null}]]]>
              </value>
            </param>
          </params>
          <reporter-output>
          </reporter-output>
        </test-method> <!-- captureStatus -->
        <test-method status="PASS" signature="TC04()[pri:0, instance:com.google.tests.GoogleHomePageTest@58ceff1]" name="TC04" duration-ms="1" started-at="2019-03-21T00:05:36Z" finished-at="2019-03-21T00:05:36Z">
          <reporter-output>
          </reporter-output>
        </test-method> <!-- TC04 -->
        <test-method status="PASS" signature="register(java.lang.reflect.Method)[pri:0, instance:com.google.tests.GoogleHomePageTest@58ceff1]" name="register" is-config="true" duration-ms="0" started-at="2019-03-21T00:05:36Z" finished-at="2019-03-21T00:05:36Z">
          <params>
            <param index="0">
              <value>
                <![CDATA[public void com.google.tests.GoogleHomePageTest.TC04()]]>
              </value>
            </param>
          </params>
          <reporter-output>
          </reporter-output>
        </test-method> <!-- register -->
        <test-method status="PASS" signature="captureStatus(org.testng.ITestResult)[pri:0, instance:com.google.tests.GoogleHomePageTest@58ceff1]" name="captureStatus" is-config="true" duration-ms="1" started-at="2019-03-21T00:05:36Z" finished-at="2019-03-21T00:05:36Z">
          <params>
            <param index="0">
              <value>
                <![CDATA[[TestResult name=TC04 status=SUCCESS method=GoogleHomePageTest.TC04()[pri:0, instance:com.google.tests.GoogleHomePageTest@58ceff1] output={null}]]]>
              </value>
            </param>
          </params>
          <reporter-output>
          </reporter-output>
        </test-method> <!-- captureStatus -->
        <test-method status="PASS" signature="cleanup()[pri:0, instance:com.google.tests.GoogleHomePageTest@58ceff1]" name="cleanup" is-config="true" duration-ms="698" started-at="2019-03-21T00:05:36Z" finished-at="2019-03-21T00:05:37Z">
          <reporter-output>
          </reporter-output>
        </test-method> <!-- cleanup -->
      </class> <!-- com.google.tests.GoogleHomePageTest -->
    </test> <!-- Simple Test -->
  </suite> <!-- Example test run -->
</testng-results>
