<?xml version="1.0" encoding="UTF-8"?>
<!-- Generated by org.testng.reporters.JUnitXMLReporter -->
<testsuite hostname="Aspire" tests="2" failures="0" timestamp="23 Sep 2018 20:46:00 GMT" time="0.08" errors="0">
  <testcase name="@BeforeTest setup" time="0.0" classname="DummyForExReport">
    <failure type="java.lang.NullPointerException">
      <![CDATA[java.lang.NullPointerException
	at java.io.File.<init>(Unknown Source)
	at DummyForExReport.setup(DummyForExReport.java:27)
	at sun.reflect.NativeMethodAccessorImpl.invoke0(Native Method)
	at sun.reflect.NativeMethodAccessorImpl.invoke(Unknown Source)
	at sun.reflect.DelegatingMethodAccessorImpl.invoke(Unknown Source)
	at java.lang.reflect.Method.invoke(Unknown Source)
	at org.testng.internal.MethodInvocationHelper.invokeMethod(MethodInvocationHelper.java:86)
	at org.testng.internal.Invoker.invokeConfigurationMethod(Invoker.java:514)
	at org.testng.internal.Invoker.invokeConfigurations(Invoker.java:215)
	at org.testng.internal.Invoker.invokeConfigurations(Invoker.java:142)
	at org.testng.TestRunner.beforeRun(TestRunner.java:656)
	at org.testng.TestRunner.run(TestRunner.java:624)
	at org.testng.SuiteRunner.runTest(SuiteRunner.java:366)
	at org.testng.SuiteRunner.runSequentially(SuiteRunner.java:361)
	at org.testng.SuiteRunner.privateRun(SuiteRunner.java:319)
	at org.testng.SuiteRunner.run(SuiteRunner.java:268)
	at org.testng.SuiteRunnerWorker.runSuite(SuiteRunnerWorker.java:52)
	at org.testng.SuiteRunnerWorker.run(SuiteRunnerWorker.java:86)
	at org.testng.TestNG.runSuitesSequentially(TestNG.java:1244)
	at org.testng.TestNG.runSuitesLocally(TestNG.java:1169)
	at org.testng.TestNG.run(TestNG.java:1064)
	at org.testng.remote.AbstractRemoteTestNG.run(AbstractRemoteTestNG.java:132)
	at org.testng.remote.RemoteTestNG.initAndRun(RemoteTestNG.java:236)
	at org.testng.remote.RemoteTestNG.main(RemoteTestNG.java:81)
]]>
    </failure>
  </testcase> <!-- @BeforeTest setup -->
  <testcase name="@BeforeMethod register" time="0.0" classname="DummyForExReport">
    <skipped/>
  </testcase> <!-- @BeforeMethod register -->
  <testcase name="@AfterMethod captureStatus" time="0.0" classname="DummyForExReport">
    <skipped/>
  </testcase> <!-- @AfterMethod captureStatus -->
  <testcase name="@BeforeMethod register" time="0.0" classname="DummyForExReport">
    <skipped/>
  </testcase> <!-- @BeforeMethod register -->
  <testcase name="@AfterMethod captureStatus" time="0.0" classname="DummyForExReport">
    <skipped/>
  </testcase> <!-- @AfterMethod captureStatus -->
  <testcase name="@AfterTest cleanup" time="0.0" classname="DummyForExReport">
    <skipped/>
  </testcase> <!-- @AfterTest cleanup -->
  <testcase name="TestCase1" time="0.0" classname="DummyForExReport">
    <skipped/>
  </testcase> <!-- TestCase1 -->
  <testcase name="TestCase2" time="0.005" classname="DummyForExReport">
    <skipped/>
  </testcase> <!-- TestCase2 -->
</testsuite>
