<?xml version="1.0" encoding="UTF-8"?>
<testng-results skipped="0" failed="0" total="10" passed="10">
  <reporter-output>
  </reporter-output>
  <suite name="Default suite" duration-ms="25956" started-at="2019-03-20T21:58:49Z" finished-at="2019-03-20T21:59:15Z">
    <groups>
    </groups>
    <test name="Default test" duration-ms="25956" started-at="2019-03-20T21:58:49Z" finished-at="2019-03-20T21:59:15Z">
      <class name="TOPGEAR.TopCoader.Retro_tool_scenario_26_test.RETRO_TC344_TO_TC358">
        <test-method status="PASS" signature="setup()[pri:0, instance:TOPGEAR.TopCoader.Retro_tool_scenario_26_test.RETRO_TC344_TO_TC358@224edc67]" name="setup" is-config="true" duration-ms="422" started-at="2019-03-21T03:28:49Z" finished-at="2019-03-21T03:28:50Z">
          <reporter-output>
          </reporter-output>
        </test-method> <!-- setup -->
        <test-method status="PASS" signature="register(java.lang.reflect.Method)[pri:0, instance:TOPGEAR.TopCoader.Retro_tool_scenario_26_test.RETRO_TC344_TO_TC358@224edc67]" name="register" is-config="true" duration-ms="16" started-at="2019-03-21T03:28:50Z" finished-at="2019-03-21T03:28:50Z">
          <params>
            <param index="0">
              <value>
                <![CDATA[public void TOPGEAR.TopCoader.Retro_tool_scenario_26_test.RETRO_TC344_TO_TC358.RETRO__TS05_TC344() throws java.io.IOException]]>
              </value>
            </param>
          </params>
          <reporter-output>
          </reporter-output>
        </test-method> <!-- register -->
        <test-method status="PASS" signature="RETRO__TS05_TC344()[pri:0, instance:TOPGEAR.TopCoader.Retro_tool_scenario_26_test.RETRO_TC344_TO_TC358@224edc67]" name="RETRO__TS05_TC344" duration-ms="12861" started-at="2019-03-21T03:28:50Z" finished-at="2019-03-21T03:29:03Z">
          <reporter-output>
          </reporter-output>
        </test-method> <!-- RETRO__TS05_TC344 -->
        <test-method status="PASS" signature="captureStatus(org.testng.ITestResult)[pri:0, instance:TOPGEAR.TopCoader.Retro_tool_scenario_26_test.RETRO_TC344_TO_TC358@224edc67]" name="captureStatus" is-config="true" duration-ms="0" started-at="2019-03-21T03:29:03Z" finished-at="2019-03-21T03:29:03Z">
          <params>
            <param index="0">
              <value>
                <![CDATA[[TestResult name=RETRO__TS05_TC344 status=SUCCESS method=RETRO_TC344_TO_TC358.RETRO__TS05_TC344()[pri:0, instance:TOPGEAR.TopCoader.Retro_tool_scenario_26_test.RETRO_TC344_TO_TC358@224edc67] output={null}]]]>
              </value>
            </param>
          </params>
          <reporter-output>
          </reporter-output>
        </test-method> <!-- captureStatus -->
        <test-method status="PASS" signature="RETRO__TS05_TC345()[pri:0, instance:TOPGEAR.TopCoader.Retro_tool_scenario_26_test.RETRO_TC344_TO_TC358@224edc67]" name="RETRO__TS05_TC345" duration-ms="12157" started-at="2019-03-21T03:29:03Z" finished-at="2019-03-21T03:29:15Z">
          <reporter-output>
          </reporter-output>
        </test-method> <!-- RETRO__TS05_TC345 -->
        <test-method status="PASS" signature="register(java.lang.reflect.Method)[pri:0, instance:TOPGEAR.TopCoader.Retro_tool_scenario_26_test.RETRO_TC344_TO_TC358@224edc67]" name="register" is-config="true" duration-ms="0" started-at="2019-03-21T03:29:03Z" finished-at="2019-03-21T03:29:03Z">
          <params>
            <param index="0">
              <value>
                <![CDATA[public void TOPGEAR.TopCoader.Retro_tool_scenario_26_test.RETRO_TC344_TO_TC358.RETRO__TS05_TC345() throws java.io.IOException]]>
              </value>
            </param>
          </params>
          <reporter-output>
          </reporter-output>
        </test-method> <!-- register -->
        <test-method status="PASS" signature="register(java.lang.reflect.Method)[pri:0, instance:TOPGEAR.TopCoader.Retro_tool_scenario_26_test.RETRO_TC344_TO_TC358@224edc67]" name="register" is-config="true" duration-ms="0" started-at="2019-03-21T03:29:15Z" finished-at="2019-03-21T03:29:15Z">
          <params>
            <param index="0">
              <value>
                <![CDATA[public void TOPGEAR.TopCoader.Retro_tool_scenario_26_test.RETRO_TC344_TO_TC358.RETRO__TS05_TC346()]]>
              </value>
            </param>
          </params>
          <reporter-output>
          </reporter-output>
        </test-method> <!-- register -->
        <test-method status="PASS" signature="captureStatus(org.testng.ITestResult)[pri:0, instance:TOPGEAR.TopCoader.Retro_tool_scenario_26_test.RETRO_TC344_TO_TC358@224edc67]" name="captureStatus" is-config="true" duration-ms="0" started-at="2019-03-21T03:29:15Z" finished-at="2019-03-21T03:29:15Z">
          <params>
            <param index="0">
              <value>
                <![CDATA[[TestResult name=RETRO__TS05_TC345 status=SUCCESS method=RETRO_TC344_TO_TC358.RETRO__TS05_TC345()[pri:0, instance:TOPGEAR.TopCoader.Retro_tool_scenario_26_test.RETRO_TC344_TO_TC358@224edc67] output={null}]]]>
              </value>
            </param>
          </params>
          <reporter-output>
          </reporter-output>
        </test-method> <!-- captureStatus -->
        <test-method status="PASS" signature="RETRO__TS05_TC346()[pri:0, instance:TOPGEAR.TopCoader.Retro_tool_scenario_26_test.RETRO_TC344_TO_TC358@224edc67]" name="RETRO__TS05_TC346" duration-ms="0" started-at="2019-03-21T03:29:15Z" finished-at="2019-03-21T03:29:15Z">
          <reporter-output>
          </reporter-output>
        </test-method> <!-- RETRO__TS05_TC346 -->
        <test-method status="PASS" signature="RETRO__TS05_TC347()[pri:0, instance:TOPGEAR.TopCoader.Retro_tool_scenario_26_test.RETRO_TC344_TO_TC358@224edc67]" name="RETRO__TS05_TC347" duration-ms="0" started-at="2019-03-21T03:29:15Z" finished-at="2019-03-21T03:29:15Z">
          <reporter-output>
          </reporter-output>
        </test-method> <!-- RETRO__TS05_TC347 -->
        <test-method status="PASS" signature="captureStatus(org.testng.ITestResult)[pri:0, instance:TOPGEAR.TopCoader.Retro_tool_scenario_26_test.RETRO_TC344_TO_TC358@224edc67]" name="captureStatus" is-config="true" duration-ms="0" started-at="2019-03-21T03:29:15Z" finished-at="2019-03-21T03:29:15Z">
          <params>
            <param index="0">
              <value>
                <![CDATA[[TestResult name=RETRO__TS05_TC346 status=SUCCESS method=RETRO_TC344_TO_TC358.RETRO__TS05_TC346()[pri:0, instance:TOPGEAR.TopCoader.Retro_tool_scenario_26_test.RETRO_TC344_TO_TC358@224edc67] output={null}]]]>
              </value>
            </param>
          </params>
          <reporter-output>
          </reporter-output>
        </test-method> <!-- captureStatus -->
        <test-method status="PASS" signature="captureStatus(org.testng.ITestResult)[pri:0, instance:TOPGEAR.TopCoader.Retro_tool_scenario_26_test.RETRO_TC344_TO_TC358@224edc67]" name="captureStatus" is-config="true" duration-ms="16" started-at="2019-03-21T03:29:15Z" finished-at="2019-03-21T03:29:15Z">
          <params>
            <param index="0">
              <value>
                <![CDATA[[TestResult name=RETRO__TS05_TC348 status=SUCCESS method=RETRO_TC344_TO_TC358.RETRO__TS05_TC348()[pri:0, instance:TOPGEAR.TopCoader.Retro_tool_scenario_26_test.RETRO_TC344_TO_TC358@224edc67] output={null}]]]>
              </value>
            </param>
          </params>
          <reporter-output>
          </reporter-output>
        </test-method> <!-- captureStatus -->
        <test-method status="PASS" signature="RETRO__TS05_TC348()[pri:0, instance:TOPGEAR.TopCoader.Retro_tool_scenario_26_test.RETRO_TC344_TO_TC358@224edc67]" name="RETRO__TS05_TC348" duration-ms="0" started-at="2019-03-21T03:29:15Z" finished-at="2019-03-21T03:29:15Z">
          <reporter-output>
          </reporter-output>
        </test-method> <!-- RETRO__TS05_TC348 -->
        <test-method status="PASS" signature="register(java.lang.reflect.Method)[pri:0, instance:TOPGEAR.TopCoader.Retro_tool_scenario_26_test.RETRO_TC344_TO_TC358@224edc67]" name="register" is-config="true" duration-ms="0" started-at="2019-03-21T03:29:15Z" finished-at="2019-03-21T03:29:15Z">
          <params>
            <param index="0">
              <value>
                <![CDATA[public void TOPGEAR.TopCoader.Retro_tool_scenario_26_test.RETRO_TC344_TO_TC358.RETRO__TS05_TC348()]]>
              </value>
            </param>
          </params>
          <reporter-output>
          </reporter-output>
        </test-method> <!-- register -->
        <test-method status="PASS" signature="captureStatus(org.testng.ITestResult)[pri:0, instance:TOPGEAR.TopCoader.Retro_tool_scenario_26_test.RETRO_TC344_TO_TC358@224edc67]" name="captureStatus" is-config="true" duration-ms="0" started-at="2019-03-21T03:29:15Z" finished-at="2019-03-21T03:29:15Z">
          <params>
            <param index="0">
              <value>
                <![CDATA[[TestResult name=RETRO__TS05_TC347 status=SUCCESS method=RETRO_TC344_TO_TC358.RETRO__TS05_TC347()[pri:0, instance:TOPGEAR.TopCoader.Retro_tool_scenario_26_test.RETRO_TC344_TO_TC358@224edc67] output={null}]]]>
              </value>
            </param>
          </params>
          <reporter-output>
          </reporter-output>
        </test-method> <!-- captureStatus -->
        <test-method status="PASS" signature="register(java.lang.reflect.Method)[pri:0, instance:TOPGEAR.TopCoader.Retro_tool_scenario_26_test.RETRO_TC344_TO_TC358@224edc67]" name="register" is-config="true" duration-ms="0" started-at="2019-03-21T03:29:15Z" finished-at="2019-03-21T03:29:15Z">
          <params>
            <param index="0">
              <value>
                <![CDATA[public void TOPGEAR.TopCoader.Retro_tool_scenario_26_test.RETRO_TC344_TO_TC358.RETRO__TS05_TC347()]]>
              </value>
            </param>
          </params>
          <reporter-output>
          </reporter-output>
        </test-method> <!-- register -->
        <test-method status="PASS" signature="register(java.lang.reflect.Method)[pri:0, instance:TOPGEAR.TopCoader.Retro_tool_scenario_26_test.RETRO_TC344_TO_TC358@224edc67]" name="register" is-config="true" duration-ms="0" started-at="2019-03-21T03:29:15Z" finished-at="2019-03-21T03:29:15Z">
          <params>
            <param index="0">
              <value>
                <![CDATA[public void TOPGEAR.TopCoader.Retro_tool_scenario_26_test.RETRO_TC344_TO_TC358.RETRO__TS05_TC350()]]>
              </value>
            </param>
          </params>
          <reporter-output>
          </reporter-output>
        </test-method> <!-- register -->
        <test-method status="PASS" signature="RETRO__TS05_TC349()[pri:0, instance:TOPGEAR.TopCoader.Retro_tool_scenario_26_test.RETRO_TC344_TO_TC358@224edc67]" name="RETRO__TS05_TC349" duration-ms="0" started-at="2019-03-21T03:29:15Z" finished-at="2019-03-21T03:29:15Z">
          <reporter-output>
          </reporter-output>
        </test-method> <!-- RETRO__TS05_TC349 -->
        <test-method status="PASS" signature="register(java.lang.reflect.Method)[pri:0, instance:TOPGEAR.TopCoader.Retro_tool_scenario_26_test.RETRO_TC344_TO_TC358@224edc67]" name="register" is-config="true" duration-ms="0" started-at="2019-03-21T03:29:15Z" finished-at="2019-03-21T03:29:15Z">
          <params>
            <param index="0">
              <value>
                <![CDATA[public void TOPGEAR.TopCoader.Retro_tool_scenario_26_test.RETRO_TC344_TO_TC358.RETRO__TS05_TC349()]]>
              </value>
            </param>
          </params>
          <reporter-output>
          </reporter-output>
        </test-method> <!-- register -->
        <test-method status="PASS" signature="register(java.lang.reflect.Method)[pri:0, instance:TOPGEAR.TopCoader.Retro_tool_scenario_26_test.RETRO_TC344_TO_TC358@224edc67]" name="register" is-config="true" duration-ms="15" started-at="2019-03-21T03:29:15Z" finished-at="2019-03-21T03:29:15Z">
          <params>
            <param index="0">
              <value>
                <![CDATA[public void TOPGEAR.TopCoader.Retro_tool_scenario_26_test.RETRO_TC344_TO_TC358.RETRO__TS05_TC351()]]>
              </value>
            </param>
          </params>
          <reporter-output>
          </reporter-output>
        </test-method> <!-- register -->
        <test-method status="PASS" signature="captureStatus(org.testng.ITestResult)[pri:0, instance:TOPGEAR.TopCoader.Retro_tool_scenario_26_test.RETRO_TC344_TO_TC358@224edc67]" name="captureStatus" is-config="true" duration-ms="0" started-at="2019-03-21T03:29:15Z" finished-at="2019-03-21T03:29:15Z">
          <params>
            <param index="0">
              <value>
                <![CDATA[[TestResult name=RETRO__TS05_TC350 status=SUCCESS method=RETRO_TC344_TO_TC358.RETRO__TS05_TC350()[pri:0, instance:TOPGEAR.TopCoader.Retro_tool_scenario_26_test.RETRO_TC344_TO_TC358@224edc67] output={null}]]]>
              </value>
            </param>
          </params>
          <reporter-output>
          </reporter-output>
        </test-method> <!-- captureStatus -->
        <test-method status="PASS" signature="RETRO__TS05_TC350()[pri:0, instance:TOPGEAR.TopCoader.Retro_tool_scenario_26_test.RETRO_TC344_TO_TC358@224edc67]" name="RETRO__TS05_TC350" duration-ms="0" started-at="2019-03-21T03:29:15Z" finished-at="2019-03-21T03:29:15Z">
          <reporter-output>
          </reporter-output>
        </test-method> <!-- RETRO__TS05_TC350 -->
        <test-method status="PASS" signature="captureStatus(org.testng.ITestResult)[pri:0, instance:TOPGEAR.TopCoader.Retro_tool_scenario_26_test.RETRO_TC344_TO_TC358@224edc67]" name="captureStatus" is-config="true" duration-ms="0" started-at="2019-03-21T03:29:15Z" finished-at="2019-03-21T03:29:15Z">
          <params>
            <param index="0">
              <value>
                <![CDATA[[TestResult name=RETRO__TS05_TC349 status=SUCCESS method=RETRO_TC344_TO_TC358.RETRO__TS05_TC349()[pri:0, instance:TOPGEAR.TopCoader.Retro_tool_scenario_26_test.RETRO_TC344_TO_TC358@224edc67] output={null}]]]>
              </value>
            </param>
          </params>
          <reporter-output>
          </reporter-output>
        </test-method> <!-- captureStatus -->
        <test-method status="PASS" signature="RETRO__TS05_TC352()[pri:0, instance:TOPGEAR.TopCoader.Retro_tool_scenario_26_test.RETRO_TC344_TO_TC358@224edc67]" name="RETRO__TS05_TC352" duration-ms="0" started-at="2019-03-21T03:29:15Z" finished-at="2019-03-21T03:29:15Z">
          <reporter-output>
          </reporter-output>
        </test-method> <!-- RETRO__TS05_TC352 -->
        <test-method status="PASS" signature="register(java.lang.reflect.Method)[pri:0, instance:TOPGEAR.TopCoader.Retro_tool_scenario_26_test.RETRO_TC344_TO_TC358@224edc67]" name="register" is-config="true" duration-ms="16" started-at="2019-03-21T03:29:15Z" finished-at="2019-03-21T03:29:15Z">
          <params>
            <param index="0">
              <value>
                <![CDATA[public void TOPGEAR.TopCoader.Retro_tool_scenario_26_test.RETRO_TC344_TO_TC358.RETRO__TS05_TC353()]]>
              </value>
            </param>
          </params>
          <reporter-output>
          </reporter-output>
        </test-method> <!-- register -->
        <test-method status="PASS" signature="captureStatus(org.testng.ITestResult)[pri:0, instance:TOPGEAR.TopCoader.Retro_tool_scenario_26_test.RETRO_TC344_TO_TC358@224edc67]" name="captureStatus" is-config="true" duration-ms="0" started-at="2019-03-21T03:29:15Z" finished-at="2019-03-21T03:29:15Z">
          <params>
            <param index="0">
              <value>
                <![CDATA[[TestResult name=RETRO__TS05_TC351 status=SUCCESS method=RETRO_TC344_TO_TC358.RETRO__TS05_TC351()[pri:0, instance:TOPGEAR.TopCoader.Retro_tool_scenario_26_test.RETRO_TC344_TO_TC358@224edc67] output={null}]]]>
              </value>
            </param>
          </params>
          <reporter-output>
          </reporter-output>
        </test-method> <!-- captureStatus -->
        <test-method status="PASS" signature="register(java.lang.reflect.Method)[pri:0, instance:TOPGEAR.TopCoader.Retro_tool_scenario_26_test.RETRO_TC344_TO_TC358@224edc67]" name="register" is-config="true" duration-ms="0" started-at="2019-03-21T03:29:15Z" finished-at="2019-03-21T03:29:15Z">
          <params>
            <param index="0">
              <value>
                <![CDATA[public void TOPGEAR.TopCoader.Retro_tool_scenario_26_test.RETRO_TC344_TO_TC358.RETRO__TS05_TC352()]]>
              </value>
            </param>
          </params>
          <reporter-output>
          </reporter-output>
        </test-method> <!-- register -->
        <test-method status="PASS" signature="RETRO__TS05_TC351()[pri:0, instance:TOPGEAR.TopCoader.Retro_tool_scenario_26_test.RETRO_TC344_TO_TC358@224edc67]" name="RETRO__TS05_TC351" duration-ms="0" started-at="2019-03-21T03:29:15Z" finished-at="2019-03-21T03:29:15Z">
          <reporter-output>
          </reporter-output>
        </test-method> <!-- RETRO__TS05_TC351 -->
        <test-method status="PASS" signature="captureStatus(org.testng.ITestResult)[pri:0, instance:TOPGEAR.TopCoader.Retro_tool_scenario_26_test.RETRO_TC344_TO_TC358@224edc67]" name="captureStatus" is-config="true" duration-ms="0" started-at="2019-03-21T03:29:15Z" finished-at="2019-03-21T03:29:15Z">
          <params>
            <param index="0">
              <value>
                <![CDATA[[TestResult name=RETRO__TS05_TC352 status=SUCCESS method=RETRO_TC344_TO_TC358.RETRO__TS05_TC352()[pri:0, instance:TOPGEAR.TopCoader.Retro_tool_scenario_26_test.RETRO_TC344_TO_TC358@224edc67] output={null}]]]>
              </value>
            </param>
          </params>
          <reporter-output>
          </reporter-output>
        </test-method> <!-- captureStatus -->
        <test-method status="PASS" signature="cleanup()[pri:0, instance:TOPGEAR.TopCoader.Retro_tool_scenario_26_test.RETRO_TC344_TO_TC358@224edc67]" name="cleanup" is-config="true" duration-ms="437" started-at="2019-03-21T03:29:15Z" finished-at="2019-03-21T03:29:15Z">
          <reporter-output>
          </reporter-output>
        </test-method> <!-- cleanup -->
        <test-method status="PASS" signature="captureStatus(org.testng.ITestResult)[pri:0, instance:TOPGEAR.TopCoader.Retro_tool_scenario_26_test.RETRO_TC344_TO_TC358@224edc67]" name="captureStatus" is-config="true" duration-ms="0" started-at="2019-03-21T03:29:15Z" finished-at="2019-03-21T03:29:15Z">
          <params>
            <param index="0">
              <value>
                <![CDATA[[TestResult name=RETRO__TS05_TC353 status=SUCCESS method=RETRO_TC344_TO_TC358.RETRO__TS05_TC353()[pri:0, instance:TOPGEAR.TopCoader.Retro_tool_scenario_26_test.RETRO_TC344_TO_TC358@224edc67] output={null}]]]>
              </value>
            </param>
          </params>
          <reporter-output>
          </reporter-output>
        </test-method> <!-- captureStatus -->
        <test-method status="PASS" signature="RETRO__TS05_TC353()[pri:0, instance:TOPGEAR.TopCoader.Retro_tool_scenario_26_test.RETRO_TC344_TO_TC358@224edc67]" name="RETRO__TS05_TC353" duration-ms="0" started-at="2019-03-21T03:29:15Z" finished-at="2019-03-21T03:29:15Z">
          <reporter-output>
          </reporter-output>
        </test-method> <!-- RETRO__TS05_TC353 -->
      </class> <!-- TOPGEAR.TopCoader.Retro_tool_scenario_26_test.RETRO_TC344_TO_TC358 -->
    </test> <!-- Default test -->
  </suite> <!-- Default suite -->
</testng-results>
