<?xml version="1.0" encoding="UTF-8"?>
<testng-results skipped="0" failed="0" total="10" passed="10">
  <reporter-output>
  </reporter-output>
  <suite name="Default suite" duration-ms="90023" started-at="2019-11-26T18:36:18Z" finished-at="2019-11-26T18:37:48Z">
    <groups>
    </groups>
    <test name="Default test" duration-ms="90023" started-at="2019-11-26T18:36:18Z" finished-at="2019-11-26T18:37:48Z">
      <class name="TOPGEAR.TopCoader.Retro_tool_scenario_26_test.RETRO_TC344_TO_TC358">
        <test-method status="PASS" signature="setup()[pri:0, instance:TOPGEAR.TopCoader.Retro_tool_scenario_26_test.RETRO_TC344_TO_TC358@cb5822]" name="setup" is-config="true" duration-ms="524" started-at="2019-11-27T00:06:18Z" finished-at="2019-11-27T00:06:19Z">
          <reporter-output>
          </reporter-output>
        </test-method> <!-- setup -->
        <test-method status="PASS" signature="register(java.lang.reflect.Method)[pri:0, instance:TOPGEAR.TopCoader.Retro_tool_scenario_26_test.RETRO_TC344_TO_TC358@cb5822]" name="register" is-config="true" duration-ms="5" started-at="2019-11-27T00:06:19Z" finished-at="2019-11-27T00:06:19Z">
          <params>
            <param index="0">
              <value>
                <![CDATA[public void TOPGEAR.TopCoader.Retro_tool_scenario_26_test.RETRO_TC344_TO_TC358.RETRO__TS05_TC344() throws java.io.IOException]]>
              </value>
            </param>
          </params>
          <reporter-output>
          </reporter-output>
        </test-method> <!-- register -->
        <test-method status="PASS" signature="RETRO__TS05_TC344()[pri:0, instance:TOPGEAR.TopCoader.Retro_tool_scenario_26_test.RETRO_TC344_TO_TC358@cb5822]" name="RETRO__TS05_TC344" duration-ms="62151" started-at="2019-11-27T00:06:19Z" finished-at="2019-11-27T00:07:21Z">
          <reporter-output>
          </reporter-output>
        </test-method> <!-- RETRO__TS05_TC344 -->
        <test-method status="PASS" signature="captureStatus(org.testng.ITestResult)[pri:0, instance:TOPGEAR.TopCoader.Retro_tool_scenario_26_test.RETRO_TC344_TO_TC358@cb5822]" name="captureStatus" is-config="true" duration-ms="1" started-at="2019-11-27T00:07:21Z" finished-at="2019-11-27T00:07:21Z">
          <params>
            <param index="0">
              <value>
                <![CDATA[[TestResult name=RETRO__TS05_TC344 status=SUCCESS method=RETRO_TC344_TO_TC358.RETRO__TS05_TC344()[pri:0, instance:TOPGEAR.TopCoader.Retro_tool_scenario_26_test.RETRO_TC344_TO_TC358@cb5822] output={null}]]]>
              </value>
            </param>
          </params>
          <reporter-output>
          </reporter-output>
        </test-method> <!-- captureStatus -->
        <test-method status="PASS" signature="register(java.lang.reflect.Method)[pri:0, instance:TOPGEAR.TopCoader.Retro_tool_scenario_26_test.RETRO_TC344_TO_TC358@cb5822]" name="register" is-config="true" duration-ms="3" started-at="2019-11-27T00:07:21Z" finished-at="2019-11-27T00:07:21Z">
          <params>
            <param index="0">
              <value>
                <![CDATA[public void TOPGEAR.TopCoader.Retro_tool_scenario_26_test.RETRO_TC344_TO_TC358.RETRO__TS05_TC345() throws java.io.IOException]]>
              </value>
            </param>
          </params>
          <reporter-output>
          </reporter-output>
        </test-method> <!-- register -->
        <test-method status="PASS" signature="RETRO__TS05_TC345()[pri:0, instance:TOPGEAR.TopCoader.Retro_tool_scenario_26_test.RETRO_TC344_TO_TC358@cb5822]" name="RETRO__TS05_TC345" duration-ms="26240" started-at="2019-11-27T00:07:21Z" finished-at="2019-11-27T00:07:47Z">
          <reporter-output>
          </reporter-output>
        </test-method> <!-- RETRO__TS05_TC345 -->
        <test-method status="PASS" signature="captureStatus(org.testng.ITestResult)[pri:0, instance:TOPGEAR.TopCoader.Retro_tool_scenario_26_test.RETRO_TC344_TO_TC358@cb5822]" name="captureStatus" is-config="true" duration-ms="1" started-at="2019-11-27T00:07:47Z" finished-at="2019-11-27T00:07:47Z">
          <params>
            <param index="0">
              <value>
                <![CDATA[[TestResult name=RETRO__TS05_TC345 status=SUCCESS method=RETRO_TC344_TO_TC358.RETRO__TS05_TC345()[pri:0, instance:TOPGEAR.TopCoader.Retro_tool_scenario_26_test.RETRO_TC344_TO_TC358@cb5822] output={null}]]]>
              </value>
            </param>
          </params>
          <reporter-output>
          </reporter-output>
        </test-method> <!-- captureStatus -->
        <test-method status="PASS" signature="RETRO__TS05_TC346()[pri:0, instance:TOPGEAR.TopCoader.Retro_tool_scenario_26_test.RETRO_TC344_TO_TC358@cb5822]" name="RETRO__TS05_TC346" duration-ms="3" started-at="2019-11-27T00:07:47Z" finished-at="2019-11-27T00:07:47Z">
          <reporter-output>
          </reporter-output>
        </test-method> <!-- RETRO__TS05_TC346 -->
        <test-method status="PASS" signature="register(java.lang.reflect.Method)[pri:0, instance:TOPGEAR.TopCoader.Retro_tool_scenario_26_test.RETRO_TC344_TO_TC358@cb5822]" name="register" is-config="true" duration-ms="0" started-at="2019-11-27T00:07:47Z" finished-at="2019-11-27T00:07:47Z">
          <params>
            <param index="0">
              <value>
                <![CDATA[public void TOPGEAR.TopCoader.Retro_tool_scenario_26_test.RETRO_TC344_TO_TC358.RETRO__TS05_TC346()]]>
              </value>
            </param>
          </params>
          <reporter-output>
          </reporter-output>
        </test-method> <!-- register -->
        <test-method status="PASS" signature="captureStatus(org.testng.ITestResult)[pri:0, instance:TOPGEAR.TopCoader.Retro_tool_scenario_26_test.RETRO_TC344_TO_TC358@cb5822]" name="captureStatus" is-config="true" duration-ms="1" started-at="2019-11-27T00:07:47Z" finished-at="2019-11-27T00:07:47Z">
          <params>
            <param index="0">
              <value>
                <![CDATA[[TestResult name=RETRO__TS05_TC346 status=SUCCESS method=RETRO_TC344_TO_TC358.RETRO__TS05_TC346()[pri:0, instance:TOPGEAR.TopCoader.Retro_tool_scenario_26_test.RETRO_TC344_TO_TC358@cb5822] output={null}]]]>
              </value>
            </param>
          </params>
          <reporter-output>
          </reporter-output>
        </test-method> <!-- captureStatus -->
        <test-method status="PASS" signature="RETRO__TS05_TC347()[pri:0, instance:TOPGEAR.TopCoader.Retro_tool_scenario_26_test.RETRO_TC344_TO_TC358@cb5822]" name="RETRO__TS05_TC347" duration-ms="4" started-at="2019-11-27T00:07:47Z" finished-at="2019-11-27T00:07:47Z">
          <reporter-output>
          </reporter-output>
        </test-method> <!-- RETRO__TS05_TC347 -->
        <test-method status="PASS" signature="register(java.lang.reflect.Method)[pri:0, instance:TOPGEAR.TopCoader.Retro_tool_scenario_26_test.RETRO_TC344_TO_TC358@cb5822]" name="register" is-config="true" duration-ms="0" started-at="2019-11-27T00:07:47Z" finished-at="2019-11-27T00:07:47Z">
          <params>
            <param index="0">
              <value>
                <![CDATA[public void TOPGEAR.TopCoader.Retro_tool_scenario_26_test.RETRO_TC344_TO_TC358.RETRO__TS05_TC347()]]>
              </value>
            </param>
          </params>
          <reporter-output>
          </reporter-output>
        </test-method> <!-- register -->
        <test-method status="PASS" signature="captureStatus(org.testng.ITestResult)[pri:0, instance:TOPGEAR.TopCoader.Retro_tool_scenario_26_test.RETRO_TC344_TO_TC358@cb5822]" name="captureStatus" is-config="true" duration-ms="1" started-at="2019-11-27T00:07:47Z" finished-at="2019-11-27T00:07:47Z">
          <params>
            <param index="0">
              <value>
                <![CDATA[[TestResult name=RETRO__TS05_TC347 status=SUCCESS method=RETRO_TC344_TO_TC358.RETRO__TS05_TC347()[pri:0, instance:TOPGEAR.TopCoader.Retro_tool_scenario_26_test.RETRO_TC344_TO_TC358@cb5822] output={null}]]]>
              </value>
            </param>
          </params>
          <reporter-output>
          </reporter-output>
        </test-method> <!-- captureStatus -->
        <test-method status="PASS" signature="register(java.lang.reflect.Method)[pri:0, instance:TOPGEAR.TopCoader.Retro_tool_scenario_26_test.RETRO_TC344_TO_TC358@cb5822]" name="register" is-config="true" duration-ms="0" started-at="2019-11-27T00:07:47Z" finished-at="2019-11-27T00:07:47Z">
          <params>
            <param index="0">
              <value>
                <![CDATA[public void TOPGEAR.TopCoader.Retro_tool_scenario_26_test.RETRO_TC344_TO_TC358.RETRO__TS05_TC348()]]>
              </value>
            </param>
          </params>
          <reporter-output>
          </reporter-output>
        </test-method> <!-- register -->
        <test-method status="PASS" signature="RETRO__TS05_TC348()[pri:0, instance:TOPGEAR.TopCoader.Retro_tool_scenario_26_test.RETRO_TC344_TO_TC358@cb5822]" name="RETRO__TS05_TC348" duration-ms="4" started-at="2019-11-27T00:07:47Z" finished-at="2019-11-27T00:07:47Z">
          <reporter-output>
          </reporter-output>
        </test-method> <!-- RETRO__TS05_TC348 -->
        <test-method status="PASS" signature="captureStatus(org.testng.ITestResult)[pri:0, instance:TOPGEAR.TopCoader.Retro_tool_scenario_26_test.RETRO_TC344_TO_TC358@cb5822]" name="captureStatus" is-config="true" duration-ms="1" started-at="2019-11-27T00:07:47Z" finished-at="2019-11-27T00:07:47Z">
          <params>
            <param index="0">
              <value>
                <![CDATA[[TestResult name=RETRO__TS05_TC348 status=SUCCESS method=RETRO_TC344_TO_TC358.RETRO__TS05_TC348()[pri:0, instance:TOPGEAR.TopCoader.Retro_tool_scenario_26_test.RETRO_TC344_TO_TC358@cb5822] output={null}]]]>
              </value>
            </param>
          </params>
          <reporter-output>
          </reporter-output>
        </test-method> <!-- captureStatus -->
        <test-method status="PASS" signature="register(java.lang.reflect.Method)[pri:0, instance:TOPGEAR.TopCoader.Retro_tool_scenario_26_test.RETRO_TC344_TO_TC358@cb5822]" name="register" is-config="true" duration-ms="0" started-at="2019-11-27T00:07:47Z" finished-at="2019-11-27T00:07:47Z">
          <params>
            <param index="0">
              <value>
                <![CDATA[public void TOPGEAR.TopCoader.Retro_tool_scenario_26_test.RETRO_TC344_TO_TC358.RETRO__TS05_TC349()]]>
              </value>
            </param>
          </params>
          <reporter-output>
          </reporter-output>
        </test-method> <!-- register -->
        <test-method status="PASS" signature="RETRO__TS05_TC349()[pri:0, instance:TOPGEAR.TopCoader.Retro_tool_scenario_26_test.RETRO_TC344_TO_TC358@cb5822]" name="RETRO__TS05_TC349" duration-ms="3" started-at="2019-11-27T00:07:47Z" finished-at="2019-11-27T00:07:47Z">
          <reporter-output>
          </reporter-output>
        </test-method> <!-- RETRO__TS05_TC349 -->
        <test-method status="PASS" signature="captureStatus(org.testng.ITestResult)[pri:0, instance:TOPGEAR.TopCoader.Retro_tool_scenario_26_test.RETRO_TC344_TO_TC358@cb5822]" name="captureStatus" is-config="true" duration-ms="8" started-at="2019-11-27T00:07:47Z" finished-at="2019-11-27T00:07:47Z">
          <params>
            <param index="0">
              <value>
                <![CDATA[[TestResult name=RETRO__TS05_TC349 status=SUCCESS method=RETRO_TC344_TO_TC358.RETRO__TS05_TC349()[pri:0, instance:TOPGEAR.TopCoader.Retro_tool_scenario_26_test.RETRO_TC344_TO_TC358@cb5822] output={null}]]]>
              </value>
            </param>
          </params>
          <reporter-output>
          </reporter-output>
        </test-method> <!-- captureStatus -->
        <test-method status="PASS" signature="register(java.lang.reflect.Method)[pri:0, instance:TOPGEAR.TopCoader.Retro_tool_scenario_26_test.RETRO_TC344_TO_TC358@cb5822]" name="register" is-config="true" duration-ms="1" started-at="2019-11-27T00:07:47Z" finished-at="2019-11-27T00:07:47Z">
          <params>
            <param index="0">
              <value>
                <![CDATA[public void TOPGEAR.TopCoader.Retro_tool_scenario_26_test.RETRO_TC344_TO_TC358.RETRO__TS05_TC350()]]>
              </value>
            </param>
          </params>
          <reporter-output>
          </reporter-output>
        </test-method> <!-- register -->
        <test-method status="PASS" signature="RETRO__TS05_TC350()[pri:0, instance:TOPGEAR.TopCoader.Retro_tool_scenario_26_test.RETRO_TC344_TO_TC358@cb5822]" name="RETRO__TS05_TC350" duration-ms="2" started-at="2019-11-27T00:07:47Z" finished-at="2019-11-27T00:07:47Z">
          <reporter-output>
          </reporter-output>
        </test-method> <!-- RETRO__TS05_TC350 -->
        <test-method status="PASS" signature="captureStatus(org.testng.ITestResult)[pri:0, instance:TOPGEAR.TopCoader.Retro_tool_scenario_26_test.RETRO_TC344_TO_TC358@cb5822]" name="captureStatus" is-config="true" duration-ms="1" started-at="2019-11-27T00:07:47Z" finished-at="2019-11-27T00:07:47Z">
          <params>
            <param index="0">
              <value>
                <![CDATA[[TestResult name=RETRO__TS05_TC350 status=SUCCESS method=RETRO_TC344_TO_TC358.RETRO__TS05_TC350()[pri:0, instance:TOPGEAR.TopCoader.Retro_tool_scenario_26_test.RETRO_TC344_TO_TC358@cb5822] output={null}]]]>
              </value>
            </param>
          </params>
          <reporter-output>
          </reporter-output>
        </test-method> <!-- captureStatus -->
        <test-method status="PASS" signature="register(java.lang.reflect.Method)[pri:0, instance:TOPGEAR.TopCoader.Retro_tool_scenario_26_test.RETRO_TC344_TO_TC358@cb5822]" name="register" is-config="true" duration-ms="0" started-at="2019-11-27T00:07:47Z" finished-at="2019-11-27T00:07:47Z">
          <params>
            <param index="0">
              <value>
                <![CDATA[public void TOPGEAR.TopCoader.Retro_tool_scenario_26_test.RETRO_TC344_TO_TC358.RETRO__TS05_TC351()]]>
              </value>
            </param>
          </params>
          <reporter-output>
          </reporter-output>
        </test-method> <!-- register -->
        <test-method status="PASS" signature="RETRO__TS05_TC351()[pri:0, instance:TOPGEAR.TopCoader.Retro_tool_scenario_26_test.RETRO_TC344_TO_TC358@cb5822]" name="RETRO__TS05_TC351" duration-ms="2" started-at="2019-11-27T00:07:47Z" finished-at="2019-11-27T00:07:47Z">
          <reporter-output>
          </reporter-output>
        </test-method> <!-- RETRO__TS05_TC351 -->
        <test-method status="PASS" signature="captureStatus(org.testng.ITestResult)[pri:0, instance:TOPGEAR.TopCoader.Retro_tool_scenario_26_test.RETRO_TC344_TO_TC358@cb5822]" name="captureStatus" is-config="true" duration-ms="1" started-at="2019-11-27T00:07:47Z" finished-at="2019-11-27T00:07:47Z">
          <params>
            <param index="0">
              <value>
                <![CDATA[[TestResult name=RETRO__TS05_TC351 status=SUCCESS method=RETRO_TC344_TO_TC358.RETRO__TS05_TC351()[pri:0, instance:TOPGEAR.TopCoader.Retro_tool_scenario_26_test.RETRO_TC344_TO_TC358@cb5822] output={null}]]]>
              </value>
            </param>
          </params>
          <reporter-output>
          </reporter-output>
        </test-method> <!-- captureStatus -->
        <test-method status="PASS" signature="RETRO__TS05_TC352()[pri:0, instance:TOPGEAR.TopCoader.Retro_tool_scenario_26_test.RETRO_TC344_TO_TC358@cb5822]" name="RETRO__TS05_TC352" duration-ms="6" started-at="2019-11-27T00:07:47Z" finished-at="2019-11-27T00:07:47Z">
          <reporter-output>
          </reporter-output>
        </test-method> <!-- RETRO__TS05_TC352 -->
        <test-method status="PASS" signature="register(java.lang.reflect.Method)[pri:0, instance:TOPGEAR.TopCoader.Retro_tool_scenario_26_test.RETRO_TC344_TO_TC358@cb5822]" name="register" is-config="true" duration-ms="0" started-at="2019-11-27T00:07:47Z" finished-at="2019-11-27T00:07:47Z">
          <params>
            <param index="0">
              <value>
                <![CDATA[public void TOPGEAR.TopCoader.Retro_tool_scenario_26_test.RETRO_TC344_TO_TC358.RETRO__TS05_TC352()]]>
              </value>
            </param>
          </params>
          <reporter-output>
          </reporter-output>
        </test-method> <!-- register -->
        <test-method status="PASS" signature="captureStatus(org.testng.ITestResult)[pri:0, instance:TOPGEAR.TopCoader.Retro_tool_scenario_26_test.RETRO_TC344_TO_TC358@cb5822]" name="captureStatus" is-config="true" duration-ms="1" started-at="2019-11-27T00:07:47Z" finished-at="2019-11-27T00:07:47Z">
          <params>
            <param index="0">
              <value>
                <![CDATA[[TestResult name=RETRO__TS05_TC352 status=SUCCESS method=RETRO_TC344_TO_TC358.RETRO__TS05_TC352()[pri:0, instance:TOPGEAR.TopCoader.Retro_tool_scenario_26_test.RETRO_TC344_TO_TC358@cb5822] output={null}]]]>
              </value>
            </param>
          </params>
          <reporter-output>
          </reporter-output>
        </test-method> <!-- captureStatus -->
        <test-method status="PASS" signature="register(java.lang.reflect.Method)[pri:0, instance:TOPGEAR.TopCoader.Retro_tool_scenario_26_test.RETRO_TC344_TO_TC358@cb5822]" name="register" is-config="true" duration-ms="0" started-at="2019-11-27T00:07:47Z" finished-at="2019-11-27T00:07:47Z">
          <params>
            <param index="0">
              <value>
                <![CDATA[public void TOPGEAR.TopCoader.Retro_tool_scenario_26_test.RETRO_TC344_TO_TC358.RETRO__TS05_TC353()]]>
              </value>
            </param>
          </params>
          <reporter-output>
          </reporter-output>
        </test-method> <!-- register -->
        <test-method status="PASS" signature="RETRO__TS05_TC353()[pri:0, instance:TOPGEAR.TopCoader.Retro_tool_scenario_26_test.RETRO_TC344_TO_TC358@cb5822]" name="RETRO__TS05_TC353" duration-ms="6" started-at="2019-11-27T00:07:47Z" finished-at="2019-11-27T00:07:47Z">
          <reporter-output>
          </reporter-output>
        </test-method> <!-- RETRO__TS05_TC353 -->
        <test-method status="PASS" signature="captureStatus(org.testng.ITestResult)[pri:0, instance:TOPGEAR.TopCoader.Retro_tool_scenario_26_test.RETRO_TC344_TO_TC358@cb5822]" name="captureStatus" is-config="true" duration-ms="2" started-at="2019-11-27T00:07:47Z" finished-at="2019-11-27T00:07:47Z">
          <params>
            <param index="0">
              <value>
                <![CDATA[[TestResult name=RETRO__TS05_TC353 status=SUCCESS method=RETRO_TC344_TO_TC358.RETRO__TS05_TC353()[pri:0, instance:TOPGEAR.TopCoader.Retro_tool_scenario_26_test.RETRO_TC344_TO_TC358@cb5822] output={null}]]]>
              </value>
            </param>
          </params>
          <reporter-output>
          </reporter-output>
        </test-method> <!-- captureStatus -->
        <test-method status="PASS" signature="cleanup()[pri:0, instance:TOPGEAR.TopCoader.Retro_tool_scenario_26_test.RETRO_TC344_TO_TC358@cb5822]" name="cleanup" is-config="true" duration-ms="990" started-at="2019-11-27T00:07:47Z" finished-at="2019-11-27T00:07:48Z">
          <reporter-output>
          </reporter-output>
        </test-method> <!-- cleanup -->
      </class> <!-- TOPGEAR.TopCoader.Retro_tool_scenario_26_test.RETRO_TC344_TO_TC358 -->
    </test> <!-- Default test -->
  </suite> <!-- Default suite -->
</testng-results>
