<?xml version="1.0" encoding="UTF-8"?>
<testng-results skipped="0" failed="0" total="4" passed="4">
  <reporter-output>
  </reporter-output>
  <suite name="Default suite" duration-ms="22810" started-at="2019-03-19T21:23:08Z" finished-at="2019-03-19T21:23:31Z">
    <groups>
    </groups>
    <test name="Default test" duration-ms="22810" started-at="2019-03-19T21:23:08Z" finished-at="2019-03-19T21:23:31Z">
      <class name="com.google.tests.GoogleHomePageTest">
        <test-method status="PASS" signature="setup()[pri:0, instance:com.google.tests.GoogleHomePageTest@4c70fda8]" name="setup" is-config="true" duration-ms="441" started-at="2019-03-20T02:53:08Z" finished-at="2019-03-20T02:53:08Z">
          <reporter-output>
          </reporter-output>
        </test-method> <!-- setup -->
        <test-method status="PASS" signature="register(java.lang.reflect.Method)[pri:0, instance:com.google.tests.GoogleHomePageTest@4c70fda8]" name="register" is-config="true" duration-ms="4" started-at="2019-03-20T02:53:08Z" finished-at="2019-03-20T02:53:08Z">
          <params>
            <param index="0">
              <value>
                <![CDATA[public void com.google.tests.GoogleHomePageTest.verifyHomepageTitle() throws java.io.IOException]]>
              </value>
            </param>
          </params>
          <reporter-output>
          </reporter-output>
        </test-method> <!-- register -->
        <test-method status="PASS" signature="verifyHomepageTitle()[pri:0, instance:com.google.tests.GoogleHomePageTest@4c70fda8]" name="verifyHomepageTitle" duration-ms="9632" started-at="2019-03-20T02:53:08Z" finished-at="2019-03-20T02:53:18Z">
          <reporter-output>
          </reporter-output>
        </test-method> <!-- verifyHomepageTitle -->
        <test-method status="PASS" signature="captureStatus(org.testng.ITestResult)[pri:0, instance:com.google.tests.GoogleHomePageTest@4c70fda8]" name="captureStatus" is-config="true" duration-ms="8" started-at="2019-03-20T02:53:18Z" finished-at="2019-03-20T02:53:18Z">
          <params>
            <param index="0">
              <value>
                <![CDATA[[TestResult name=verifyHomepageTitle status=SUCCESS method=GoogleHomePageTest.verifyHomepageTitle()[pri:0, instance:com.google.tests.GoogleHomePageTest@4c70fda8] output={null}]]]>
              </value>
            </param>
          </params>
          <reporter-output>
          </reporter-output>
        </test-method> <!-- captureStatus -->
        <test-method status="PASS" signature="creataccount()[pri:0, instance:com.google.tests.GoogleHomePageTest@4c70fda8]" name="creataccount" duration-ms="12005" started-at="2019-03-20T02:53:18Z" finished-at="2019-03-20T02:53:30Z">
          <reporter-output>
          </reporter-output>
        </test-method> <!-- creataccount -->
        <test-method status="PASS" signature="register(java.lang.reflect.Method)[pri:0, instance:com.google.tests.GoogleHomePageTest@4c70fda8]" name="register" is-config="true" duration-ms="0" started-at="2019-03-20T02:53:18Z" finished-at="2019-03-20T02:53:18Z">
          <params>
            <param index="0">
              <value>
                <![CDATA[public void com.google.tests.GoogleHomePageTest.creataccount() throws java.io.IOException]]>
              </value>
            </param>
          </params>
          <reporter-output>
          </reporter-output>
        </test-method> <!-- register -->
        <test-method status="PASS" signature="captureStatus(org.testng.ITestResult)[pri:0, instance:com.google.tests.GoogleHomePageTest@4c70fda8]" name="captureStatus" is-config="true" duration-ms="2" started-at="2019-03-20T02:53:30Z" finished-at="2019-03-20T02:53:30Z">
          <params>
            <param index="0">
              <value>
                <![CDATA[[TestResult name=creataccount status=SUCCESS method=GoogleHomePageTest.creataccount()[pri:0, instance:com.google.tests.GoogleHomePageTest@4c70fda8] output={null}]]]>
              </value>
            </param>
          </params>
          <reporter-output>
          </reporter-output>
        </test-method> <!-- captureStatus -->
        <test-method status="PASS" signature="TC03()[pri:0, instance:com.google.tests.GoogleHomePageTest@4c70fda8]" name="TC03" duration-ms="3" started-at="2019-03-20T02:53:30Z" finished-at="2019-03-20T02:53:30Z">
          <reporter-output>
          </reporter-output>
        </test-method> <!-- TC03 -->
        <test-method status="PASS" signature="register(java.lang.reflect.Method)[pri:0, instance:com.google.tests.GoogleHomePageTest@4c70fda8]" name="register" is-config="true" duration-ms="0" started-at="2019-03-20T02:53:30Z" finished-at="2019-03-20T02:53:30Z">
          <params>
            <param index="0">
              <value>
                <![CDATA[public void com.google.tests.GoogleHomePageTest.TC03()]]>
              </value>
            </param>
          </params>
          <reporter-output>
          </reporter-output>
        </test-method> <!-- register -->
        <test-method status="PASS" signature="captureStatus(org.testng.ITestResult)[pri:0, instance:com.google.tests.GoogleHomePageTest@4c70fda8]" name="captureStatus" is-config="true" duration-ms="1" started-at="2019-03-20T02:53:30Z" finished-at="2019-03-20T02:53:30Z">
          <params>
            <param index="0">
              <value>
                <![CDATA[[TestResult name=TC03 status=SUCCESS method=GoogleHomePageTest.TC03()[pri:0, instance:com.google.tests.GoogleHomePageTest@4c70fda8] output={null}]]]>
              </value>
            </param>
          </params>
          <reporter-output>
          </reporter-output>
        </test-method> <!-- captureStatus -->
        <test-method status="PASS" signature="register(java.lang.reflect.Method)[pri:0, instance:com.google.tests.GoogleHomePageTest@4c70fda8]" name="register" is-config="true" duration-ms="1" started-at="2019-03-20T02:53:30Z" finished-at="2019-03-20T02:53:30Z">
          <params>
            <param index="0">
              <value>
                <![CDATA[public void com.google.tests.GoogleHomePageTest.TC04()]]>
              </value>
            </param>
          </params>
          <reporter-output>
          </reporter-output>
        </test-method> <!-- register -->
        <test-method status="PASS" signature="TC04()[pri:0, instance:com.google.tests.GoogleHomePageTest@4c70fda8]" name="TC04" duration-ms="2" started-at="2019-03-20T02:53:30Z" finished-at="2019-03-20T02:53:30Z">
          <reporter-output>
          </reporter-output>
        </test-method> <!-- TC04 -->
        <test-method status="PASS" signature="captureStatus(org.testng.ITestResult)[pri:0, instance:com.google.tests.GoogleHomePageTest@4c70fda8]" name="captureStatus" is-config="true" duration-ms="1" started-at="2019-03-20T02:53:30Z" finished-at="2019-03-20T02:53:30Z">
          <params>
            <param index="0">
              <value>
                <![CDATA[[TestResult name=TC04 status=SUCCESS method=GoogleHomePageTest.TC04()[pri:0, instance:com.google.tests.GoogleHomePageTest@4c70fda8] output={null}]]]>
              </value>
            </param>
          </params>
          <reporter-output>
          </reporter-output>
        </test-method> <!-- captureStatus -->
        <test-method status="PASS" signature="cleanup()[pri:0, instance:com.google.tests.GoogleHomePageTest@4c70fda8]" name="cleanup" is-config="true" duration-ms="673" started-at="2019-03-20T02:53:30Z" finished-at="2019-03-20T02:53:31Z">
          <reporter-output>
          </reporter-output>
        </test-method> <!-- cleanup -->
      </class> <!-- com.google.tests.GoogleHomePageTest -->
    </test> <!-- Default test -->
  </suite> <!-- Default suite -->
</testng-results>
