<?xml version="1.0" encoding="UTF-8"?>
<testng-results skipped="0" failed="0" total="1" passed="1">
  <reporter-output>
  </reporter-output>
  <suite name="Default suite" duration-ms="14635" started-at="2019-04-26T19:38:34Z" finished-at="2019-04-26T19:38:49Z">
    <groups>
    </groups>
    <test name="Default test" duration-ms="14635" started-at="2019-04-26T19:38:34Z" finished-at="2019-04-26T19:38:49Z">
      <class name="rarbg.Winium_ruff">
        <test-method status="PASS" signature="test()[pri:0, instance:rarbg.Winium_ruff@31610302]" name="test" duration-ms="14593" started-at="2019-04-27T01:08:34Z" finished-at="2019-04-27T01:08:49Z">
          <reporter-output>
          </reporter-output>
        </test-method> <!-- test -->
      </class> <!-- rarbg.Winium_ruff -->
    </test> <!-- Default test -->
  </suite> <!-- Default suite -->
</testng-results>
