<?xml version="1.0" encoding="UTF-8"?>
<!-- Generated by org.testng.reporters.JUnitXMLReporter -->
<testsuite hostname="Vipul-PC" name="Default test" tests="4" failures="0" timestamp="19 Mar 2019 21:23:31 GMT" time="22.81" errors="0">
  <testcase name="verifyHomepageTitle" time="9.632" classname="com.google.tests.GoogleHomePageTest"/>
  <testcase name="creataccount" time="12.005" classname="com.google.tests.GoogleHomePageTest"/>
  <testcase name="TC03" time="0.003" classname="com.google.tests.GoogleHomePageTest"/>
  <testcase name="TC04" time="0.002" classname="com.google.tests.GoogleHomePageTest"/>
</testsuite> <!-- Default test -->
