<?xml version="1.0" encoding="UTF-8"?>
<testng-results skipped="0" failed="0" total="2" passed="2">
  <reporter-output>
  </reporter-output>
  <suite name="Suite" duration-ms="795" started-at="2018-09-23T21:17:24Z" finished-at="2018-09-23T21:17:25Z">
    <groups>
    </groups>
    <test name="Test" duration-ms="795" started-at="2018-09-23T21:17:24Z" finished-at="2018-09-23T21:17:25Z">
      <class name="DummyForExReport">
        <test-method status="PASS" signature="setup()[pri:0, instance:DummyForExReport@62ee68d8]" name="setup" is-config="true" duration-ms="366" started-at="2018-09-24T02:47:24Z" finished-at="2018-09-24T02:47:25Z">
          <reporter-output>
          </reporter-output>
        </test-method> <!-- setup -->
        <test-method status="PASS" signature="register(java.lang.reflect.Method)[pri:0, instance:DummyForExReport@62ee68d8]" name="register" is-config="true" duration-ms="4" started-at="2018-09-24T02:47:25Z" finished-at="2018-09-24T02:47:25Z">
          <params>
            <param index="0">
              <value>
                <![CDATA[public static void DummyForExReport.TestCase1()]]>
              </value>
            </param>
          </params>
          <reporter-output>
          </reporter-output>
        </test-method> <!-- register -->
        <test-method status="PASS" signature="TestCase1()[pri:0, instance:DummyForExReport@62ee68d8]" name="TestCase1" duration-ms="17" started-at="2018-09-24T02:47:25Z" finished-at="2018-09-24T02:47:25Z">
          <reporter-output>
          </reporter-output>
        </test-method> <!-- TestCase1 -->
        <test-method status="PASS" signature="captureStatus(org.testng.ITestResult)[pri:0, instance:DummyForExReport@62ee68d8]" name="captureStatus" is-config="true" duration-ms="1" started-at="2018-09-24T02:47:25Z" finished-at="2018-09-24T02:47:25Z">
          <params>
            <param index="0">
              <value>
                <![CDATA[[TestResult name=TestCase1 status=SUCCESS method=DummyForExReport.TestCase1()[pri:0, instance:DummyForExReport@62ee68d8] output={null}]]]>
              </value>
            </param>
          </params>
          <reporter-output>
          </reporter-output>
        </test-method> <!-- captureStatus -->
        <test-method status="PASS" signature="TestCase2()[pri:0, instance:DummyForExReport@62ee68d8]" name="TestCase2" duration-ms="3" started-at="2018-09-24T02:47:25Z" finished-at="2018-09-24T02:47:25Z">
          <reporter-output>
          </reporter-output>
        </test-method> <!-- TestCase2 -->
        <test-method status="PASS" signature="register(java.lang.reflect.Method)[pri:0, instance:DummyForExReport@62ee68d8]" name="register" is-config="true" duration-ms="0" started-at="2018-09-24T02:47:25Z" finished-at="2018-09-24T02:47:25Z">
          <params>
            <param index="0">
              <value>
                <![CDATA[public static void DummyForExReport.TestCase2()]]>
              </value>
            </param>
          </params>
          <reporter-output>
          </reporter-output>
        </test-method> <!-- register -->
        <test-method status="PASS" signature="captureStatus(org.testng.ITestResult)[pri:0, instance:DummyForExReport@62ee68d8]" name="captureStatus" is-config="true" duration-ms="1" started-at="2018-09-24T02:47:25Z" finished-at="2018-09-24T02:47:25Z">
          <params>
            <param index="0">
              <value>
                <![CDATA[[TestResult name=TestCase2 status=SUCCESS method=DummyForExReport.TestCase2()[pri:0, instance:DummyForExReport@62ee68d8] output={null}]]]>
              </value>
            </param>
          </params>
          <reporter-output>
          </reporter-output>
        </test-method> <!-- captureStatus -->
        <test-method status="PASS" signature="cleanup()[pri:0, instance:DummyForExReport@62ee68d8]" name="cleanup" is-config="true" duration-ms="382" started-at="2018-09-24T02:47:25Z" finished-at="2018-09-24T02:47:25Z">
          <reporter-output>
          </reporter-output>
        </test-method> <!-- cleanup -->
      </class> <!-- DummyForExReport -->
    </test> <!-- Test -->
  </suite> <!-- Suite -->
</testng-results>
