<?xml version="1.0" encoding="UTF-8"?>
<!-- Generated by org.testng.reporters.JUnitXMLReporter -->
<testsuite hostname="Aspire" ignored="0" name="Test" tests="7" failures="1" timestamp="26 Sep 2018 20:25:50 GMT" time="123.484" errors="0">
  <testcase name="click_On_New_Browser_Window" time="54.279" classname="Package.Snippet">
    <failure type="java.lang.ArithmeticException" message="/ by zero">
      <![CDATA[java.lang.ArithmeticException: / by zero
	at Package.Snippet.click_On_New_Browser_Window(Snippet.java:67)
... Removed 25 stack frames]]>
    </failure>
  </testcase> <!-- click_On_New_Browser_Window -->
  <testcase name="click_On_New_Message_Window" time="15.686" classname="Package.Snippet"/>
  <testcase name="click_On_New_Browser_Tab" time="4.442" classname="Package.Snippet"/>
  <testcase name="print_Random_Id" time="1.334" classname="Package.Snippet"/>
  <testcase name="click_On_Alert_Box" time="26.276" classname="Package.Snippet"/>
  <testcase name="click_On_Timing_Alert" time="5.161" classname="Package.Snippet"/>
  <testcase name="Wait_for_Button" time="13.305" classname="Package.Snippet"/>
</testsuite> <!-- Test -->
