<?xml version="1.0" encoding="UTF-8"?>
<!-- Generated by org.testng.reporters.JUnitXMLReporter -->
<testsuite hostname="Vipul-PC" name="Default test" tests="10" failures="0" timestamp="20 Mar 2019 21:59:15 GMT" time="25.956" errors="0">
  <testcase name="RETRO__TS05_TC344" time="12.861" classname="TOPGEAR.TopCoader.Retro_tool_scenario_26_test.RETRO_TC344_TO_TC358"/>
  <testcase name="RETRO__TS05_TC345" time="12.157" classname="TOPGEAR.TopCoader.Retro_tool_scenario_26_test.RETRO_TC344_TO_TC358"/>
  <testcase name="RETRO__TS05_TC346" time="0.0" classname="TOPGEAR.TopCoader.Retro_tool_scenario_26_test.RETRO_TC344_TO_TC358"/>
  <testcase name="RETRO__TS05_TC347" time="0.0" classname="TOPGEAR.TopCoader.Retro_tool_scenario_26_test.RETRO_TC344_TO_TC358"/>
  <testcase name="RETRO__TS05_TC348" time="0.0" classname="TOPGEAR.TopCoader.Retro_tool_scenario_26_test.RETRO_TC344_TO_TC358"/>
  <testcase name="RETRO__TS05_TC349" time="0.0" classname="TOPGEAR.TopCoader.Retro_tool_scenario_26_test.RETRO_TC344_TO_TC358"/>
  <testcase name="RETRO__TS05_TC350" time="0.0" classname="TOPGEAR.TopCoader.Retro_tool_scenario_26_test.RETRO_TC344_TO_TC358"/>
  <testcase name="RETRO__TS05_TC351" time="0.0" classname="TOPGEAR.TopCoader.Retro_tool_scenario_26_test.RETRO_TC344_TO_TC358"/>
  <testcase name="RETRO__TS05_TC352" time="0.0" classname="TOPGEAR.TopCoader.Retro_tool_scenario_26_test.RETRO_TC344_TO_TC358"/>
  <testcase name="RETRO__TS05_TC353" time="0.0" classname="TOPGEAR.TopCoader.Retro_tool_scenario_26_test.RETRO_TC344_TO_TC358"/>
</testsuite> <!-- Default test -->
