<?xml version="1.0" encoding="UTF-8"?>
<!-- Generated by org.testng.reporters.JUnitXMLReporter -->
<testsuite hostname="Vipul-PC" name="Default test" tests="10" failures="0" timestamp="26 Nov 2019 18:37:48 GMT" time="90.023" errors="0">
  <testcase name="RETRO__TS05_TC344" time="62.151" classname="TOPGEAR.TopCoader.Retro_tool_scenario_26_test.RETRO_TC344_TO_TC358"/>
  <testcase name="RETRO__TS05_TC345" time="26.24" classname="TOPGEAR.TopCoader.Retro_tool_scenario_26_test.RETRO_TC344_TO_TC358"/>
  <testcase name="RETRO__TS05_TC346" time="0.003" classname="TOPGEAR.TopCoader.Retro_tool_scenario_26_test.RETRO_TC344_TO_TC358"/>
  <testcase name="RETRO__TS05_TC347" time="0.004" classname="TOPGEAR.TopCoader.Retro_tool_scenario_26_test.RETRO_TC344_TO_TC358"/>
  <testcase name="RETRO__TS05_TC348" time="0.004" classname="TOPGEAR.TopCoader.Retro_tool_scenario_26_test.RETRO_TC344_TO_TC358"/>
  <testcase name="RETRO__TS05_TC349" time="0.003" classname="TOPGEAR.TopCoader.Retro_tool_scenario_26_test.RETRO_TC344_TO_TC358"/>
  <testcase name="RETRO__TS05_TC350" time="0.002" classname="TOPGEAR.TopCoader.Retro_tool_scenario_26_test.RETRO_TC344_TO_TC358"/>
  <testcase name="RETRO__TS05_TC351" time="0.002" classname="TOPGEAR.TopCoader.Retro_tool_scenario_26_test.RETRO_TC344_TO_TC358"/>
  <testcase name="RETRO__TS05_TC352" time="0.006" classname="TOPGEAR.TopCoader.Retro_tool_scenario_26_test.RETRO_TC344_TO_TC358"/>
  <testcase name="RETRO__TS05_TC353" time="0.006" classname="TOPGEAR.TopCoader.Retro_tool_scenario_26_test.RETRO_TC344_TO_TC358"/>
</testsuite> <!-- Default test -->
